# JRE version: Java(TM) SE Runtime Environment (21.0.10+8) (build 21.0.10+8-LTS-217)
# Java VM: Java HotSpot(TM) 64-Bit Server VM (21.0.10+8-LTS-217, mixed mode, sharing, tiered, compressed oops, compressed class ptrs, g1 gc, windows-amd64)
GC Precious Log:
 CardTable entry size: 512
 Card Set container configuration: InlinePtr #cards 5 size 8 Array Of Cards #cards 12 size 40 Howl #buckets 4 coarsen threshold 1843 Howl Bitmap #cards 512 size 80 coarsen threshold 460 Card regions per heap region 1 cards per card region 2048
 CPUs: 4 total, 4 available
 Memory: 6017M
 Large Page Support: Disabled
 NUMA Support: Disabled
 Compressed Oops: Enabled (32-bit)
 Heap Region Size: 1M
 Heap Min Capacity: 8M
 Heap Initial Capacity: 96M
 Heap Max Capacity: 1506M
 Pre-touch: Disabled
 Parallel Workers: 4
 Concurrent Workers: 1
 Concurrent Refinement Workers: 4
 Periodic GC: Disabled
Heap:
 garbage-first heap   total 153600K, used 49516K [0x00000000a1e00000, 0x0000000100000000)
  region size 1024K, 5 young (5120K), 5 survivors (5120K)
 Metaspace       used 14033K, committed 14656K, reserved 1114112K
  class space    used 2028K, committed 2304K, reserved 1048576K
GC Heap History (19 events):
Event: 1.411 GC heap before
{Heap before GC invocations=0 (full 0):
 garbage-first heap   total 98304K, used 12288K [0x00000000a1e00000, 0x0000000100000000)
  region size 1024K, 13 young (13312K), 0 survivors (0K)
 Metaspace       used 3441K, committed 3648K, reserved 1114112K
  class space    used 460K, committed 576K, reserved 1048576K
}
Event: 1.417 GC heap after
{Heap after GC invocations=1 (full 0):
 garbage-first heap   total 98304K, used 5152K [0x00000000a1e00000, 0x0000000100000000)
  region size 1024K, 2 young (2048K), 2 survivors (2048K)
 Metaspace       used 3441K, committed 3648K, reserved 1114112K
  class space    used 460K, committed 576K, reserved 1048576K
}
Event: 1.801 GC heap before
{Heap before GC invocations=1 (full 0):
 garbage-first heap   total 98304K, used 18464K [0x00000000a1e00000, 0x0000000100000000)
  region size 1024K, 16 young (16384K), 2 survivors (2048K)
 Metaspace       used 4938K, committed 5184K, reserved 1114112K
  class space    used 657K, committed 768K, reserved 1048576K
}
Event: 1.824 GC heap after
{Heap after GC invocations=2 (full 0):
 garbage-first heap   total 98304K, used 8881K [0x00000000a1e00000, 0x0000000100000000)
  region size 1024K, 2 young (2048K), 2 survivors (2048K)
 Metaspace       used 4938K, committed 5184K, reserved 1114112K
  class space    used 657K, committed 768K, reserved 1048576K
}
Event: 3.025 GC heap before
{Heap before GC invocations=2 (full 0):
 garbage-first heap   total 98304K, used 45745K [0x00000000a1e00000, 0x0000000100000000)
  region size 1024K, 39 young (39936K), 2 survivors (2048K)
 Metaspace       used 12772K, committed 13312K, reserved 1114112K
  class space    used 1922K, committed 2176K, reserved 1048576K
}
Event: 3.038 GC heap after
{Heap after GC invocations=3 (full 0):
 garbage-first heap   total 98304K, used 23212K [0x00000000a1e00000, 0x0000000100000000)
  region size 1024K, 5 young (5120K), 5 survivors (5120K)
 Metaspace       used 12772K, committed 13312K, reserved 1114112K
  class space    used 1922K, committed 2176K, reserved 1048576K
}
Event: 3.145 GC heap before
{Heap before GC invocations=3 (full 0):
 garbage-first heap   total 98304K, used 47788K [0x00000000a1e00000, 0x0000000100000000)
  region size 1024K, 30 young (30720K), 5 survivors (5120K)
 Metaspace       used 13086K, committed 13632K, reserved 1114112K
  class space    used 1970K, committed 2176K, reserved 1048576K
}
Event: 3.151 GC heap after
{Heap after GC invocations=4 (full 0):
 garbage-first heap   total 98304K, used 23924K [0x00000000a1e00000, 0x0000000100000000)
  region size 1024K, 1 young (1024K), 1 survivors (1024K)
 Metaspace       used 13086K, committed 13632K, reserved 1114112K
  class space    used 1970K, committed 2176K, reserved 1048576K
}
Event: 3.232 GC heap before
{Heap before GC invocations=4 (full 0):
 garbage-first heap   total 98304K, used 57716K [0x00000000a1e00000, 0x0000000100000000)
  region size 1024K, 35 young (35840K), 1 survivors (1024K)
 Metaspace       used 13222K, committed 13696K, reserved 1114112K
  class space    used 1980K, committed 2176K, reserved 1048576K
}
Event: 3.240 GC heap after
{Heap after GC invocations=5 (full 0):
 garbage-first heap   total 98304K, used 36014K [0x00000000a1e00000, 0x0000000100000000)
  region size 1024K, 5 young (5120K), 5 survivors (5120K)
 Metaspace       used 13222K, committed 13696K, reserved 1114112K
  class space    used 1980K, committed 2176K, reserved 1048576K
}
Event: 3.314 GC heap before
{Heap before GC invocations=5 (full 0):
 garbage-first heap   total 98304K, used 65710K [0x00000000a1e00000, 0x0000000100000000)
  region size 1024K, 35 young (35840K), 5 survivors (5120K)
 Metaspace       used 13329K, committed 13888K, reserved 1114112K
  class space    used 1992K, committed 2240K, reserved 1048576K
}
Event: 3.321 GC heap after
{Heap after GC invocations=6 (full 0):
 garbage-first heap   total 153600K, used 41341K [0x00000000a1e00000, 0x0000000100000000)
  region size 1024K, 5 young (5120K), 5 survivors (5120K)
 Metaspace       used 13329K, committed 13888K, reserved 1114112K
  class space    used 1992K, committed 2240K, reserved 1048576K
}
Event: 3.620 GC heap before
{Heap before GC invocations=6 (full 0):
 garbage-first heap   total 153600K, used 95613K [0x00000000a1e00000, 0x0000000100000000)
  region size 1024K, 59 young (60416K), 5 survivors (5120K)
 Metaspace       used 13561K, committed 14144K, reserved 1114112K
  class space    used 1999K, committed 2240K, reserved 1048576K
}
Event: 3.625 GC heap after
{Heap after GC invocations=7 (full 0):
 garbage-first heap   total 153600K, used 43446K [0x00000000a1e00000, 0x0000000100000000)
  region size 1024K, 5 young (5120K), 5 survivors (5120K)
 Metaspace       used 13561K, committed 14144K, reserved 1114112K
  class space    used 1999K, committed 2240K, reserved 1048576K
}
Event: 3.702 GC heap before
{Heap before GC invocations=7 (full 0):
 garbage-first heap   total 153600K, used 105910K [0x00000000a1e00000, 0x0000000100000000)
  region size 1024K, 67 young (68608K), 5 survivors (5120K)
 Metaspace       used 13653K, committed 14272K, reserved 1114112K
  class space    used 1999K, committed 2240K, reserved 1048576K
}
Event: 3.708 GC heap after
{Heap after GC invocations=8 (full 0):
 garbage-first heap   total 153600K, used 49589K [0x00000000a1e00000, 0x0000000100000000)
  region size 1024K, 9 young (9216K), 9 survivors (9216K)
 Metaspace       used 13653K, committed 14272K, reserved 1114112K
  class space    used 1999K, committed 2240K, reserved 1048576K
}
Event: 3.944 GC heap before
{Heap before GC invocations=8 (full 0):
 garbage-first heap   total 153600K, used 115125K [0x00000000a1e00000, 0x0000000100000000)
  region size 1024K, 74 young (75776K), 9 survivors (9216K)
 Metaspace       used 13829K, committed 14464K, reserved 1114112K
  class space    used 2006K, committed 2304K, reserved 1048576K
}
Event: 3.969 GC heap after
{Heap after GC invocations=9 (full 0):
 garbage-first heap   total 153600K, used 53213K [0x00000000a1e00000, 0x0000000100000000)
  region size 1024K, 9 young (9216K), 9 survivors (9216K)
 Metaspace       used 13829K, committed 14464K, reserved 1114112K
  class space    used 2006K, committed 2304K, reserved 1048576K
}
Event: 4.159 GC heap before
{Heap before GC invocations=9 (full 0):
 garbage-first heap   total 153600K, used 117725K [0x00000000a1e00000, 0x0000000100000000)
  region size 1024K, 73 young (74752K), 9 survivors (9216K)
 Metaspace       used 14033K, committed 14656K, reserved 1114112K
  class space    used 2028K, committed 2304K, reserved 1048576K
}

