# JRE version: Java(TM) SE Runtime Environment (21.0.10+8) (build 21.0.10+8-LTS-217)
# Java VM: Java HotSpot(TM) 64-Bit Server VM (21.0.10+8-LTS-217, mixed mode, sharing, tiered, compressed oops, compressed class ptrs, g1 gc, windows-amd64)
GC Precious Log:
 CardTable entry size: 512
 Card Set container configuration: InlinePtr #cards 5 size 8 Array Of Cards #cards 12 size 40 Howl #buckets 4 coarsen threshold 1843 Howl Bitmap #cards 512 size 80 coarsen threshold 460 Card regions per heap region 1 cards per card region 2048
 CPUs: 4 total, 4 available
 Memory: 6017M
 Large Page Support: Disabled
 NUMA Support: Disabled
 Compressed Oops: Enabled (32-bit)
 Heap Region Size: 1M
 Heap Min Capacity: 256M
 Heap Initial Capacity: 256M
 Heap Max Capacity: 512M
 Pre-touch: Disabled
 Parallel Workers: 4
 Concurrent Workers: 1
 Concurrent Refinement Workers: 4
 Periodic GC: Disabled
Heap:
 garbage-first heap   total 262144K, used 149633K [0x00000000e0000000, 0x0000000100000000)
  region size 1024K, 84 young (86016K), 2 survivors (2048K)
 Metaspace       used 46918K, committed 48320K, reserved 393216K
  class space    used 6526K, committed 7232K, reserved 327680K
GC Heap History (20 events):
Event: 2.710 GC heap before
{Heap before GC invocations=0 (full 0):
 garbage-first heap   total 262144K, used 12288K [0x00000000e0000000, 0x0000000100000000)
  region size 1024K, 13 young (13312K), 0 survivors (0K)
 Metaspace       used 1000K, committed 1152K, reserved 393216K
  class space    used 80K, committed 128K, reserved 327680K
}
Event: 2.730 GC heap after
{Heap after GC invocations=1 (full 0):
 garbage-first heap   total 262144K, used 2985K [0x00000000e0000000, 0x0000000100000000)
  region size 1024K, 2 young (2048K), 2 survivors (2048K)
 Metaspace       used 1000K, committed 1152K, reserved 393216K
  class space    used 80K, committed 128K, reserved 327680K
}
Event: 7.836 GC heap before
{Heap before GC invocations=1 (full 0):
 garbage-first heap   total 262144K, used 23465K [0x00000000e0000000, 0x0000000100000000)
  region size 1024K, 18 young (18432K), 2 survivors (2048K)
 Metaspace       used 4104K, committed 4288K, reserved 393216K
  class space    used 498K, committed 576K, reserved 327680K
}
Event: 7.840 GC heap after
{Heap after GC invocations=2 (full 0):
 garbage-first heap   total 262144K, used 10905K [0x00000000e0000000, 0x0000000100000000)
  region size 1024K, 3 young (3072K), 3 survivors (3072K)
 Metaspace       used 4104K, committed 4288K, reserved 393216K
  class space    used 498K, committed 576K, reserved 327680K
}
Event: 8.509 GC heap before
{Heap before GC invocations=2 (full 0):
 garbage-first heap   total 262144K, used 32409K [0x00000000e0000000, 0x0000000100000000)
  region size 1024K, 24 young (24576K), 3 survivors (3072K)
 Metaspace       used 4181K, committed 4352K, reserved 393216K
  class space    used 501K, committed 576K, reserved 327680K
}
Event: 8.512 GC heap after
{Heap after GC invocations=3 (full 0):
 garbage-first heap   total 262144K, used 11724K [0x00000000e0000000, 0x0000000100000000)
  region size 1024K, 1 young (1024K), 1 survivors (1024K)
 Metaspace       used 4181K, committed 4352K, reserved 393216K
  class space    used 501K, committed 576K, reserved 327680K
}
Event: 42.337 GC heap before
{Heap before GC invocations=3 (full 0):
 garbage-first heap   total 262144K, used 117196K [0x00000000e0000000, 0x0000000100000000)
  region size 1024K, 105 young (107520K), 1 survivors (1024K)
 Metaspace       used 20833K, committed 21504K, reserved 393216K
  class space    used 2990K, committed 3328K, reserved 327680K
}
Event: 42.357 GC heap after
{Heap after GC invocations=4 (full 0):
 garbage-first heap   total 262144K, used 23357K [0x00000000e0000000, 0x0000000100000000)
  region size 1024K, 12 young (12288K), 12 survivors (12288K)
 Metaspace       used 20833K, committed 21504K, reserved 393216K
  class space    used 2990K, committed 3328K, reserved 327680K
}
Event: 76.123 GC heap before
{Heap before GC invocations=5 (full 0):
 garbage-first heap   total 262144K, used 143165K [0x00000000e0000000, 0x0000000100000000)
  region size 1024K, 106 young (108544K), 12 survivors (12288K)
 Metaspace       used 34739K, committed 35968K, reserved 393216K
  class space    used 4994K, committed 5632K, reserved 327680K
}
Event: 76.149 GC heap after
{Heap after GC invocations=6 (full 0):
 garbage-first heap   total 262144K, used 57706K [0x00000000e0000000, 0x0000000100000000)
  region size 1024K, 10 young (10240K), 10 survivors (10240K)
 Metaspace       used 34739K, committed 35968K, reserved 393216K
  class space    used 4994K, committed 5632K, reserved 327680K
}
Event: 76.330 GC heap before
{Heap before GC invocations=6 (full 0):
 garbage-first heap   total 262144K, used 58730K [0x00000000e0000000, 0x0000000100000000)
  region size 1024K, 13 young (13312K), 10 survivors (10240K)
 Metaspace       used 34995K, committed 36288K, reserved 393216K
  class space    used 5038K, committed 5696K, reserved 327680K
}
Event: 76.343 GC heap after
{Heap after GC invocations=7 (full 0):
 garbage-first heap   total 262144K, used 58998K [0x00000000e0000000, 0x0000000100000000)
  region size 1024K, 2 young (2048K), 2 survivors (2048K)
 Metaspace       used 34995K, committed 36288K, reserved 393216K
  class space    used 5038K, committed 5696K, reserved 327680K
}
Event: 76.680 GC heap before
{Heap before GC invocations=7 (full 0):
 garbage-first heap   total 262144K, used 58998K [0x00000000e0000000, 0x0000000100000000)
  region size 1024K, 3 young (3072K), 2 survivors (2048K)
 Metaspace       used 35395K, committed 36608K, reserved 393216K
  class space    used 5055K, committed 5696K, reserved 327680K
}
Event: 76.682 GC heap after
{Heap after GC invocations=8 (full 0):
 garbage-first heap   total 262144K, used 57652K [0x00000000e0000000, 0x0000000100000000)
  region size 1024K, 1 young (1024K), 1 survivors (1024K)
 Metaspace       used 35395K, committed 36608K, reserved 393216K
  class space    used 5055K, committed 5696K, reserved 327680K
}
Event: 87.485 GC heap before
{Heap before GC invocations=9 (full 0):
 garbage-first heap   total 262144K, used 217396K [0x00000000e0000000, 0x0000000100000000)
  region size 1024K, 153 young (156672K), 1 survivors (1024K)
 Metaspace       used 43761K, committed 45120K, reserved 393216K
  class space    used 6185K, committed 6848K, reserved 327680K
}
Event: 88.188 GC heap after
{Heap after GC invocations=10 (full 0):
 garbage-first heap   total 262144K, used 66212K [0x00000000e0000000, 0x0000000100000000)
  region size 1024K, 9 young (9216K), 9 survivors (9216K)
 Metaspace       used 43761K, committed 45120K, reserved 393216K
  class space    used 6185K, committed 6848K, reserved 327680K
}
Event: 88.257 GC heap before
{Heap before GC invocations=10 (full 0):
 garbage-first heap   total 262144K, used 69284K [0x00000000e0000000, 0x0000000100000000)
  region size 1024K, 12 young (12288K), 9 survivors (9216K)
 Metaspace       used 43761K, committed 45120K, reserved 393216K
  class space    used 6185K, committed 6848K, reserved 327680K
}
Event: 88.276 GC heap after
{Heap after GC invocations=11 (full 0):
 garbage-first heap   total 262144K, used 66932K [0x00000000e0000000, 0x0000000100000000)
  region size 1024K, 1 young (1024K), 1 survivors (1024K)
 Metaspace       used 43761K, committed 45120K, reserved 393216K
  class space    used 6185K, committed 6848K, reserved 327680K
}
Event: 89.318 GC heap before
{Heap before GC invocations=11 (full 0):
 garbage-first heap   total 262144K, used 122228K [0x00000000e0000000, 0x0000000100000000)
  region size 1024K, 55 young (56320K), 1 survivors (1024K)
 Metaspace       used 44226K, committed 45696K, reserved 393216K
  class space    used 6250K, committed 6976K, reserved 327680K
}
Event: 89.323 GC heap after
{Heap after GC invocations=12 (full 0):
 garbage-first heap   total 262144K, used 67713K [0x00000000e0000000, 0x0000000100000000)
  region size 1024K, 2 young (2048K), 2 survivors (2048K)
 Metaspace       used 44226K, committed 45696K, reserved 393216K
  class space    used 6250K, committed 6976K, reserved 327680K
}

